# JRE version: OpenJDK Runtime Environment (8.0_76-b03) (build 1.8.0_76-release-b03)
# Java VM: OpenJDK 64-Bit Server VM (25.76-b03 mixed mode linux-amd64 compressed oops)
Heap:
 PSYoungGen      total 388608K, used 16364K [0x00000000e0000000, 0x00000000f9380000, 0x0000000100000000)
  eden space 364032K, 0% used [0x00000000e0000000,0x00000000e0000000,0x00000000f6380000)
  from space 24576K, 66% used [0x00000000f6380000,0x00000000f737b3d0,0x00000000f7b80000)
  to   space 16896K, 0% used [0x00000000f8300000,0x00000000f8300000,0x00000000f9380000)
 ParOldGen       total 79360K, used 46094K [0x00000000a0000000, 0x00000000a4d80000, 0x00000000e0000000)
  object space 79360K, 58% used [0x00000000a0000000,0x00000000a2d03bc0,0x00000000a4d80000)
 Metaspace       used 60264K, capacity 62584K, committed 62848K, reserved 1103872K
  class space    used 8007K, capacity 8509K, committed 8576K, reserved 1048576K
GC Heap History (10 events):
Event: 86,779 GC heap after
Heap after GC invocations=12 (full 2):
 PSYoungGen      total 274944K, used 15343K [0x00000000e0000000, 0x00000000f3180000, 0x0000000100000000)
  eden space 259584K, 0% used [0x00000000e0000000,0x00000000e0000000,0x00000000efd80000)
  from space 15360K, 99% used [0x00000000f1400000,0x00000000f22fbff0,0x00000000f2300000)
  to   space 23040K, 0% used [0x00000000efd80000,0x00000000efd80000,0x00000000f1400000)
 ParOldGen       total 44032K, used 34587K [0x00000000a0000000, 0x00000000a2b00000, 0x00000000e0000000)
  object space 44032K, 78% used [0x00000000a0000000,0x00000000a21c6e58,0x00000000a2b00000)
 Metaspace       used 52632K, capacity 54276K, committed 54400K, reserved 1095680K
  class space    used 7120K, capacity 7490K, committed 7552K, reserved 1048576K
}
Event: 86,780 GC heap before
{Heap before GC invocations=13 (full 3):
 PSYoungGen      total 274944K, used 15343K [0x00000000e0000000, 0x00000000f3180000, 0x0000000100000000)
  eden space 259584K, 0% used [0x00000000e0000000,0x00000000e0000000,0x00000000efd80000)
  from space 15360K, 99% used [0x00000000f1400000,0x00000000f22fbff0,0x00000000f2300000)
  to   space 23040K, 0% used [0x00000000efd80000,0x00000000efd80000,0x00000000f1400000)
 ParOldGen       total 44032K, used 34587K [0x00000000a0000000, 0x00000000a2b00000, 0x00000000e0000000)
  object space 44032K, 78% used [0x00000000a0000000,0x00000000a21c6e58,0x00000000a2b00000)
 Metaspace       used 52632K, capacity 54276K, committed 54400K, reserved 1095680K
  class space    used 7120K, capacity 7490K, committed 7552K, reserved 1048576K
Event: 88,739 GC heap after
Heap after GC invocations=13 (full 3):
 PSYoungGen      total 274944K, used 0K [0x00000000e0000000, 0x00000000f3180000, 0x0000000100000000)
  eden space 259584K, 0% used [0x00000000e0000000,0x00000000e0000000,0x00000000efd80000)
  from space 15360K, 0% used [0x00000000f1400000,0x00000000f1400000,0x00000000f2300000)
  to   space 23040K, 0% used [0x00000000efd80000,0x00000000efd80000,0x00000000f1400000)
 ParOldGen       total 79360K, used 43427K [0x00000000a0000000, 0x00000000a4d80000, 0x00000000e0000000)
  object space 79360K, 54% used [0x00000000a0000000,0x00000000a2a68ff0,0x00000000a4d80000)
 Metaspace       used 52632K, capacity 54276K, committed 54400K, reserved 1095680K
  class space    used 7120K, capacity 7490K, committed 7552K, reserved 1048576K
}
Event: 91,269 GC heap before
{Heap before GC invocations=14 (full 3):
 PSYoungGen      total 274944K, used 19906K [0x00000000e0000000, 0x00000000f3180000, 0x0000000100000000)
  eden space 259584K, 7% used [0x00000000e0000000,0x00000000e1370a98,0x00000000efd80000)
  from space 15360K, 0% used [0x00000000f1400000,0x00000000f1400000,0x00000000f2300000)
  to   space 23040K, 0% used [0x00000000efd80000,0x00000000efd80000,0x00000000f1400000)
 ParOldGen       total 79360K, used 43427K [0x00000000a0000000, 0x00000000a4d80000, 0x00000000e0000000)
  object space 79360K, 54% used [0x00000000a0000000,0x00000000a2a68ff0,0x00000000a4d80000)
 Metaspace       used 53935K, capacity 55924K, committed 56192K, reserved 1097728K
  class space    used 7340K, capacity 7773K, committed 7808K, reserved 1048576K
Event: 91,298 GC heap after
Heap after GC invocations=14 (full 3):
 PSYoungGen      total 282624K, used 2469K [0x00000000e0000000, 0x00000000f9980000, 0x0000000100000000)
  eden space 259584K, 0% used [0x00000000e0000000,0x00000000e0000000,0x00000000efd80000)
  from space 23040K, 10% used [0x00000000efd80000,0x00000000effe9638,0x00000000f1400000)
  to   space 23040K, 0% used [0x00000000f8300000,0x00000000f8300000,0x00000000f9980000)
 ParOldGen       total 79360K, used 43435K [0x00000000a0000000, 0x00000000a4d80000, 0x00000000e0000000)
  object space 79360K, 54% used [0x00000000a0000000,0x00000000a2a6aff0,0x00000000a4d80000)
 Metaspace       used 53935K, capacity 55924K, committed 56192K, reserved 1097728K
  class space    used 7340K, capacity 7773K, committed 7808K, reserved 1048576K
}
Event: 91,298 GC heap before
{Heap before GC invocations=15 (full 4):
 PSYoungGen      total 282624K, used 2469K [0x00000000e0000000, 0x00000000f9980000, 0x0000000100000000)
  eden space 259584K, 0% used [0x00000000e0000000,0x00000000e0000000,0x00000000efd80000)
  from space 23040K, 10% used [0x00000000efd80000,0x00000000effe9638,0x00000000f1400000)
  to   space 23040K, 0% used [0x00000000f8300000,0x00000000f8300000,0x00000000f9980000)
 ParOldGen       total 79360K, used 43435K [0x00000000a0000000, 0x00000000a4d80000, 0x00000000e0000000)
  object space 79360K, 54% used [0x00000000a0000000,0x00000000a2a6aff0,0x00000000a4d80000)
 Metaspace       used 53935K, capacity 55924K, committed 56192K, reserved 1097728K
  class space    used 7340K, capacity 7773K, committed 7808K, reserved 1048576K
Event: 91,658 GC heap after
Heap after GC invocations=15 (full 4):
 PSYoungGen      total 282624K, used 0K [0x00000000e0000000, 0x00000000f9980000, 0x0000000100000000)
  eden space 259584K, 0% used [0x00000000e0000000,0x00000000e0000000,0x00000000efd80000)
  from space 23040K, 0% used [0x00000000efd80000,0x00000000efd80000,0x00000000f1400000)
  to   space 23040K, 0% used [0x00000000f8300000,0x00000000f8300000,0x00000000f9980000)
 ParOldGen       total 79360K, used 41094K [0x00000000a0000000, 0x00000000a4d80000, 0x00000000e0000000)
  object space 79360K, 51% used [0x00000000a0000000,0x00000000a2821b70,0x00000000a4d80000)
 Metaspace       used 53935K, capacity 55924K, committed 56192K, reserved 1097728K
  class space    used 7340K, capacity 7773K, committed 7808K, reserved 1048576K
}
Event: 129,431 GC heap before
{Heap before GC invocations=16 (full 4):
 PSYoungGen      total 282624K, used 259584K [0x00000000e0000000, 0x00000000f9980000, 0x0000000100000000)
  eden space 259584K, 100% used [0x00000000e0000000,0x00000000efd80000,0x00000000efd80000)
  from space 23040K, 0% used [0x00000000efd80000,0x00000000efd80000,0x00000000f1400000)
  to   space 23040K, 0% used [0x00000000f8300000,0x00000000f8300000,0x00000000f9980000)
 ParOldGen       total 79360K, used 41094K [0x00000000a0000000, 0x00000000a4d80000, 0x00000000e0000000)
  object space 79360K, 51% used [0x00000000a0000000,0x00000000a2821b70,0x00000000a4d80000)
 Metaspace       used 58539K, capacity 60786K, committed 60800K, reserved 1101824K
  class space    used 7810K, capacity 8320K, committed 8320K, reserved 1048576K
Event: 129,488 GC heap after
Heap after GC invocations=16 (full 4):
 PSYoungGen      total 380928K, used 16676K [0x00000000e0000000, 0x00000000f9380000, 0x0000000100000000)
  eden space 364032K, 0% used [0x00000000e0000000,0x00000000e0000000,0x00000000f6380000)
  from space 16896K, 98% used [0x00000000f8300000,0x00000000f9349260,0x00000000f9380000)
  to   space 24576K, 0% used [0x00000000f6380000,0x00000000f6380000,0x00000000f7b80000)
 ParOldGen       total 79360K, used 41102K [0x00000000a0000000, 0x00000000a4d80000, 0x00000000e0000000)
  object space 79360K, 51% used [0x00000000a0000000,0x00000000a2823b70,0x00000000a4d80000)
 Metaspace       used 58539K, capacity 60786K, committed 60800K, reserved 1101824K
  class space    used 7810K, capacity 8320K, committed 8320K, reserved 1048576K
}
Event: 151,787 GC heap before
{Heap before GC invocations=17 (full 4):
 PSYoungGen      total 380928K, used 380708K [0x00000000e0000000, 0x00000000f9380000, 0x0000000100000000)
  eden space 364032K, 100% used [0x00000000e0000000,0x00000000f6380000,0x00000000f6380000)
  from space 16896K, 98% used [0x00000000f8300000,0x00000000f9349260,0x00000000f9380000)
  to   space 24576K, 0% used [0x00000000f6380000,0x00000000f6380000,0x00000000f7b80000)
 ParOldGen       total 79360K, used 41102K [0x00000000a0000000, 0x00000000a4d80000, 0x00000000e0000000)
  object space 79360K, 51% used [0x00000000a0000000,0x00000000a2823b70,0x00000000a4d80000)
 Metaspace       used 60264K, capacity 62584K, committed 62848K, reserved 1103872K
  class space    used 8007K, capacity 8509K, committed 8576K, reserved 1048576K

