# JRE version: OpenJDK Runtime Environment (8.0_76-b03) (build 1.8.0_76-release-b03)
# Java VM: OpenJDK 64-Bit Server VM (25.76-b03 mixed mode linux-amd64 compressed oops)
Heap:
 PSYoungGen      total 216576K, used 19944K [0x00000000e0000000, 0x00000000eec00000, 0x0000000100000000)
  eden space 196608K, 0% used [0x00000000e0000000,0x00000000e0000000,0x00000000ec000000)
  from space 19968K, 99% used [0x00000000ec000000,0x00000000ed37a310,0x00000000ed380000)
  to   space 11776K, 0% used [0x00000000ed380000,0x00000000ed380000,0x00000000edf00000)
 ParOldGen       total 77312K, used 45220K [0x00000000a0000000, 0x00000000a4b80000, 0x00000000e0000000)
  object space 77312K, 58% used [0x00000000a0000000,0x00000000a2c29178,0x00000000a4b80000)
 Metaspace       used 57209K, capacity 58608K, committed 58752K, reserved 1099776K
  class space    used 7499K, capacity 7806K, committed 7808K, reserved 1048576K
GC Heap History (10 events):
Event: 42,080 GC heap after
Heap after GC invocations=13 (full 1):
 PSYoungGen      total 152064K, used 2686K [0x00000000e0000000, 0x00000000e9f80000, 0x0000000100000000)
  eden space 142848K, 0% used [0x00000000e0000000,0x00000000e0000000,0x00000000e8b80000)
  from space 9216K, 29% used [0x00000000e9480000,0x00000000e971f848,0x00000000e9d80000)
  to   space 9216K, 0% used [0x00000000e8b80000,0x00000000e8b80000,0x00000000e9480000)
 ParOldGen       total 29696K, used 15126K [0x00000000a0000000, 0x00000000a1d00000, 0x00000000e0000000)
  object space 29696K, 50% used [0x00000000a0000000,0x00000000a0ec5b28,0x00000000a1d00000)
 Metaspace       used 34853K, capacity 35340K, committed 35496K, reserved 1079296K
  class space    used 4674K, capacity 4849K, committed 4864K, reserved 1048576K
}
Event: 42,080 GC heap before
{Heap before GC invocations=14 (full 2):
 PSYoungGen      total 152064K, used 2686K [0x00000000e0000000, 0x00000000e9f80000, 0x0000000100000000)
  eden space 142848K, 0% used [0x00000000e0000000,0x00000000e0000000,0x00000000e8b80000)
  from space 9216K, 29% used [0x00000000e9480000,0x00000000e971f848,0x00000000e9d80000)
  to   space 9216K, 0% used [0x00000000e8b80000,0x00000000e8b80000,0x00000000e9480000)
 ParOldGen       total 29696K, used 15126K [0x00000000a0000000, 0x00000000a1d00000, 0x00000000e0000000)
  object space 29696K, 50% used [0x00000000a0000000,0x00000000a0ec5b28,0x00000000a1d00000)
 Metaspace       used 34853K, capacity 35340K, committed 35496K, reserved 1079296K
  class space    used 4674K, capacity 4849K, committed 4864K, reserved 1048576K
Event: 42,347 GC heap after
Heap after GC invocations=14 (full 2):
 PSYoungGen      total 152064K, used 0K [0x00000000e0000000, 0x00000000e9f80000, 0x0000000100000000)
  eden space 142848K, 0% used [0x00000000e0000000,0x00000000e0000000,0x00000000e8b80000)
  from space 9216K, 0% used [0x00000000e9480000,0x00000000e9480000,0x00000000e9d80000)
  to   space 9216K, 0% used [0x00000000e8b80000,0x00000000e8b80000,0x00000000e9480000)
 ParOldGen       total 41472K, used 15857K [0x00000000a0000000, 0x00000000a2880000, 0x00000000e0000000)
  object space 41472K, 38% used [0x00000000a0000000,0x00000000a0f7c668,0x00000000a2880000)
 Metaspace       used 34853K, capacity 35340K, committed 35496K, reserved 1079296K
  class space    used 4674K, capacity 4849K, committed 4864K, reserved 1048576K
}
Event: 52,299 GC heap before
{Heap before GC invocations=15 (full 2):
 PSYoungGen      total 152064K, used 142848K [0x00000000e0000000, 0x00000000e9f80000, 0x0000000100000000)
  eden space 142848K, 100% used [0x00000000e0000000,0x00000000e8b80000,0x00000000e8b80000)
  from space 9216K, 0% used [0x00000000e9480000,0x00000000e9480000,0x00000000e9d80000)
  to   space 9216K, 0% used [0x00000000e8b80000,0x00000000e8b80000,0x00000000e9480000)
 ParOldGen       total 41472K, used 15857K [0x00000000a0000000, 0x00000000a2880000, 0x00000000e0000000)
  object space 41472K, 38% used [0x00000000a0000000,0x00000000a0f7c668,0x00000000a2880000)
 Metaspace       used 44362K, capacity 45510K, committed 45696K, reserved 1089536K
  class space    used 5978K, capacity 6257K, committed 6272K, reserved 1048576K
Event: 52,340 GC heap after
Heap after GC invocations=15 (full 2):
 PSYoungGen      total 152064K, used 9200K [0x00000000e0000000, 0x00000000edf00000, 0x0000000100000000)
  eden space 142848K, 0% used [0x00000000e0000000,0x00000000e0000000,0x00000000e8b80000)
  from space 9216K, 99% used [0x00000000e8b80000,0x00000000e947c218,0x00000000e9480000)
  to   space 11776K, 0% used [0x00000000ed380000,0x00000000ed380000,0x00000000edf00000)
 ParOldGen       total 41472K, used 20209K [0x00000000a0000000, 0x00000000a2880000, 0x00000000e0000000)
  object space 41472K, 48% used [0x00000000a0000000,0x00000000a13bc6c8,0x00000000a2880000)
 Metaspace       used 44362K, capacity 45510K, committed 45696K, reserved 1089536K
  class space    used 5978K, capacity 6257K, committed 6272K, reserved 1048576K
}
Event: 95,911 GC heap before
{Heap before GC invocations=16 (full 2):
 PSYoungGen      total 152064K, used 152048K [0x00000000e0000000, 0x00000000edf00000, 0x0000000100000000)
  eden space 142848K, 100% used [0x00000000e0000000,0x00000000e8b80000,0x00000000e8b80000)
  from space 9216K, 99% used [0x00000000e8b80000,0x00000000e947c218,0x00000000e9480000)
  to   space 11776K, 0% used [0x00000000ed380000,0x00000000ed380000,0x00000000edf00000)
 ParOldGen       total 41472K, used 20209K [0x00000000a0000000, 0x00000000a2880000, 0x00000000e0000000)
  object space 41472K, 48% used [0x00000000a0000000,0x00000000a13bc6c8,0x00000000a2880000)
 Metaspace       used 52730K, capacity 54096K, committed 54272K, reserved 1095680K
  class space    used 7043K, capacity 7374K, committed 7424K, reserved 1048576K
Event: 96,698 GC heap after
Heap after GC invocations=16 (full 2):
 PSYoungGen      total 208384K, used 11755K [0x00000000e0000000, 0x00000000eec00000, 0x0000000100000000)
  eden space 196608K, 0% used [0x00000000e0000000,0x00000000e0000000,0x00000000ec000000)
  from space 11776K, 99% used [0x00000000ed380000,0x00000000edefad58,0x00000000edf00000)
  to   space 19968K, 0% used [0x00000000ec000000,0x00000000ec000000,0x00000000ed380000)
 ParOldGen       total 41472K, used 36895K [0x00000000a0000000, 0x00000000a2880000, 0x00000000e0000000)
  object space 41472K, 88% used [0x00000000a0000000,0x00000000a2407fb8,0x00000000a2880000)
 Metaspace       used 52730K, capacity 54096K, committed 54272K, reserved 1095680K
  class space    used 7043K, capacity 7374K, committed 7424K, reserved 1048576K
}
Event: 96,698 GC heap before
{Heap before GC invocations=17 (full 3):
 PSYoungGen      total 208384K, used 11755K [0x00000000e0000000, 0x00000000eec00000, 0x0000000100000000)
  eden space 196608K, 0% used [0x00000000e0000000,0x00000000e0000000,0x00000000ec000000)
  from space 11776K, 99% used [0x00000000ed380000,0x00000000edefad58,0x00000000edf00000)
  to   space 19968K, 0% used [0x00000000ec000000,0x00000000ec000000,0x00000000ed380000)
 ParOldGen       total 41472K, used 36895K [0x00000000a0000000, 0x00000000a2880000, 0x00000000e0000000)
  object space 41472K, 88% used [0x00000000a0000000,0x00000000a2407fb8,0x00000000a2880000)
 Metaspace       used 52730K, capacity 54096K, committed 54272K, reserved 1095680K
  class space    used 7043K, capacity 7374K, committed 7424K, reserved 1048576K
Event: 97,522 GC heap after
Heap after GC invocations=17 (full 3):
 PSYoungGen      total 208384K, used 2016K [0x00000000e0000000, 0x00000000eec00000, 0x0000000100000000)
  eden space 196608K, 0% used [0x00000000e0000000,0x00000000e0000000,0x00000000ec000000)
  from space 11776K, 17% used [0x00000000ed380000,0x00000000ed578368,0x00000000edf00000)
  to   space 19968K, 0% used [0x00000000ec000000,0x00000000ec000000,0x00000000ed380000)
 ParOldGen       total 77312K, used 41135K [0x00000000a0000000, 0x00000000a4b80000, 0x00000000e0000000)
  object space 77312K, 53% used [0x00000000a0000000,0x00000000a282bc90,0x00000000a4b80000)
 Metaspace       used 52730K, capacity 54096K, committed 54272K, reserved 1095680K
  class space    used 7043K, capacity 7374K, committed 7424K, reserved 1048576K
}
Event: 111,333 GC heap before
{Heap before GC invocations=18 (full 3):
 PSYoungGen      total 208384K, used 198624K [0x00000000e0000000, 0x00000000eec00000, 0x0000000100000000)
  eden space 196608K, 100% used [0x00000000e0000000,0x00000000ec000000,0x00000000ec000000)
  from space 11776K, 17% used [0x00000000ed380000,0x00000000ed578368,0x00000000edf00000)
  to   space 19968K, 0% used [0x00000000ec000000,0x00000000ec000000,0x00000000ed380000)
 ParOldGen       total 77312K, used 41135K [0x00000000a0000000, 0x00000000a4b80000, 0x00000000e0000000)
  object space 77312K, 53% used [0x00000000a0000000,0x00000000a282bc90,0x00000000a4b80000)
 Metaspace       used 57209K, capacity 58608K, committed 58752K, reserved 1099776K
  class space    used 7499K, capacity 7806K, committed 7808K, reserved 1048576K

