# JRE version: OpenJDK Runtime Environment (8.0_76-b03) (build 1.8.0_76-release-b03)
# Java VM: OpenJDK 64-Bit Server VM (25.76-b03 mixed mode linux-amd64 compressed oops)
Heap:
 PSYoungGen      total 366080K, used 30271K [0x00000000e0000000, 0x00000000fa000000, 0x0000000100000000)
  eden space 323072K, 0% used [0x00000000e0000000,0x00000000e0000000,0x00000000f3b80000)
  from space 43008K, 70% used [0x00000000f3b80000,0x00000000f590fe40,0x00000000f6580000)
  to   space 30208K, 0% used [0x00000000f6580000,0x00000000f6580000,0x00000000f8300000)
 ParOldGen       total 120832K, used 80952K [0x00000000a0000000, 0x00000000a7600000, 0x00000000e0000000)
  object space 120832K, 66% used [0x00000000a0000000,0x00000000a4f0e108,0x00000000a7600000)
 Metaspace       used 57554K, capacity 58902K, committed 59008K, reserved 1099776K
  class space    used 7462K, capacity 7773K, committed 7808K, reserved 1048576K
GC Heap History (10 events):
Event: 77,335 GC heap after
Heap after GC invocations=16 (full 2):
 PSYoungGen      total 239104K, used 13293K [0x00000000e0000000, 0x00000000f1000000, 0x0000000100000000)
  eden space 225792K, 0% used [0x00000000e0000000,0x00000000e0000000,0x00000000edc80000)
  from space 13312K, 99% used [0x00000000ef200000,0x00000000efefb658,0x00000000eff00000)
  to   space 22016K, 0% used [0x00000000edc80000,0x00000000edc80000,0x00000000ef200000)
 ParOldGen       total 39936K, used 36190K [0x00000000a0000000, 0x00000000a2700000, 0x00000000e0000000)
  object space 39936K, 90% used [0x00000000a0000000,0x00000000a2357a28,0x00000000a2700000)
 Metaspace       used 52851K, capacity 54300K, committed 54528K, reserved 1095680K
  class space    used 7048K, capacity 7376K, committed 7424K, reserved 1048576K
}
Event: 77,335 GC heap before
{Heap before GC invocations=17 (full 3):
 PSYoungGen      total 239104K, used 13293K [0x00000000e0000000, 0x00000000f1000000, 0x0000000100000000)
  eden space 225792K, 0% used [0x00000000e0000000,0x00000000e0000000,0x00000000edc80000)
  from space 13312K, 99% used [0x00000000ef200000,0x00000000efefb658,0x00000000eff00000)
  to   space 22016K, 0% used [0x00000000edc80000,0x00000000edc80000,0x00000000ef200000)
 ParOldGen       total 39936K, used 36190K [0x00000000a0000000, 0x00000000a2700000, 0x00000000e0000000)
  object space 39936K, 90% used [0x00000000a0000000,0x00000000a2357a28,0x00000000a2700000)
 Metaspace       used 52851K, capacity 54300K, committed 54528K, reserved 1095680K
  class space    used 7048K, capacity 7376K, committed 7424K, reserved 1048576K
Event: 78,122 GC heap after
Heap after GC invocations=17 (full 3):
 PSYoungGen      total 239104K, used 4540K [0x00000000e0000000, 0x00000000f1000000, 0x0000000100000000)
  eden space 225792K, 0% used [0x00000000e0000000,0x00000000e0000000,0x00000000edc80000)
  from space 13312K, 34% used [0x00000000ef200000,0x00000000ef66f308,0x00000000eff00000)
  to   space 22016K, 0% used [0x00000000edc80000,0x00000000edc80000,0x00000000ef200000)
 ParOldGen       total 74240K, used 39916K [0x00000000a0000000, 0x00000000a4880000, 0x00000000e0000000)
  object space 74240K, 53% used [0x00000000a0000000,0x00000000a26fb1d8,0x00000000a4880000)
 Metaspace       used 52851K, capacity 54300K, committed 54528K, reserved 1095680K
  class space    used 7048K, capacity 7376K, committed 7424K, reserved 1048576K
}
Event: 87,989 GC heap before
{Heap before GC invocations=18 (full 3):
 PSYoungGen      total 239104K, used 230332K [0x00000000e0000000, 0x00000000f1000000, 0x0000000100000000)
  eden space 225792K, 100% used [0x00000000e0000000,0x00000000edc80000,0x00000000edc80000)
  from space 13312K, 34% used [0x00000000ef200000,0x00000000ef66f308,0x00000000eff00000)
  to   space 22016K, 0% used [0x00000000edc80000,0x00000000edc80000,0x00000000ef200000)
 ParOldGen       total 74240K, used 39916K [0x00000000a0000000, 0x00000000a4880000, 0x00000000e0000000)
  object space 74240K, 53% used [0x00000000a0000000,0x00000000a26fb1d8,0x00000000a4880000)
 Metaspace       used 56420K, capacity 57802K, committed 57984K, reserved 1099776K
  class space    used 7418K, capacity 7747K, committed 7808K, reserved 1048576K
Event: 88,194 GC heap after
Heap after GC invocations=18 (full 3):
 PSYoungGen      total 247808K, used 21984K [0x00000000e0000000, 0x00000000f8300000, 0x0000000100000000)
  eden space 225792K, 0% used [0x00000000e0000000,0x00000000e0000000,0x00000000edc80000)
  from space 22016K, 99% used [0x00000000edc80000,0x00000000ef1f83d0,0x00000000ef200000)
  to   space 30208K, 0% used [0x00000000f6580000,0x00000000f6580000,0x00000000f8300000)
 ParOldGen       total 74240K, used 51966K [0x00000000a0000000, 0x00000000a4880000, 0x00000000e0000000)
  object space 74240K, 69% used [0x00000000a0000000,0x00000000a32bf9a8,0x00000000a4880000)
 Metaspace       used 56420K, capacity 57802K, committed 57984K, reserved 1099776K
  class space    used 7418K, capacity 7747K, committed 7808K, reserved 1048576K
}
Event: 91,017 GC heap before
{Heap before GC invocations=19 (full 3):
 PSYoungGen      total 247808K, used 247776K [0x00000000e0000000, 0x00000000f8300000, 0x0000000100000000)
  eden space 225792K, 100% used [0x00000000e0000000,0x00000000edc80000,0x00000000edc80000)
  from space 22016K, 99% used [0x00000000edc80000,0x00000000ef1f83d0,0x00000000ef200000)
  to   space 30208K, 0% used [0x00000000f6580000,0x00000000f6580000,0x00000000f8300000)
 ParOldGen       total 74240K, used 51966K [0x00000000a0000000, 0x00000000a4880000, 0x00000000e0000000)
  object space 74240K, 69% used [0x00000000a0000000,0x00000000a32bf9a8,0x00000000a4880000)
 Metaspace       used 56729K, capacity 58058K, committed 58240K, reserved 1099776K
  class space    used 7429K, capacity 7747K, committed 7808K, reserved 1048576K
Event: 91,373 GC heap after
Heap after GC invocations=19 (full 3):
 PSYoungGen      total 353280K, used 30186K [0x00000000e0000000, 0x00000000fa000000, 0x0000000100000000)
  eden space 323072K, 0% used [0x00000000e0000000,0x00000000e0000000,0x00000000f3b80000)
  from space 30208K, 99% used [0x00000000f6580000,0x00000000f82fabf8,0x00000000f8300000)
  to   space 43008K, 0% used [0x00000000f3b80000,0x00000000f3b80000,0x00000000f6580000)
 ParOldGen       total 74240K, used 73031K [0x00000000a0000000, 0x00000000a4880000, 0x00000000e0000000)
  object space 74240K, 98% used [0x00000000a0000000,0x00000000a4751fb0,0x00000000a4880000)
 Metaspace       used 56729K, capacity 58058K, committed 58240K, reserved 1099776K
  class space    used 7429K, capacity 7747K, committed 7808K, reserved 1048576K
}
Event: 91,373 GC heap before
{Heap before GC invocations=20 (full 4):
 PSYoungGen      total 353280K, used 30186K [0x00000000e0000000, 0x00000000fa000000, 0x0000000100000000)
  eden space 323072K, 0% used [0x00000000e0000000,0x00000000e0000000,0x00000000f3b80000)
  from space 30208K, 99% used [0x00000000f6580000,0x00000000f82fabf8,0x00000000f8300000)
  to   space 43008K, 0% used [0x00000000f3b80000,0x00000000f3b80000,0x00000000f6580000)
 ParOldGen       total 74240K, used 73031K [0x00000000a0000000, 0x00000000a4880000, 0x00000000e0000000)
  object space 74240K, 98% used [0x00000000a0000000,0x00000000a4751fb0,0x00000000a4880000)
 Metaspace       used 56729K, capacity 58058K, committed 58240K, reserved 1099776K
  class space    used 7429K, capacity 7747K, committed 7808K, reserved 1048576K
Event: 92,726 GC heap after
Heap after GC invocations=20 (full 4):
 PSYoungGen      total 353280K, used 16776K [0x00000000e0000000, 0x00000000fa000000, 0x0000000100000000)
  eden space 323072K, 0% used [0x00000000e0000000,0x00000000e0000000,0x00000000f3b80000)
  from space 30208K, 55% used [0x00000000f6580000,0x00000000f75e2320,0x00000000f8300000)
  to   space 43008K, 0% used [0x00000000f3b80000,0x00000000f3b80000,0x00000000f6580000)
 ParOldGen       total 120832K, used 73793K [0x00000000a0000000, 0x00000000a7600000, 0x00000000e0000000)
  object space 120832K, 61% used [0x00000000a0000000,0x00000000a4810520,0x00000000a7600000)
 Metaspace       used 56720K, capacity 58038K, committed 58240K, reserved 1099776K
  class space    used 7426K, capacity 7741K, committed 7808K, reserved 1048576K
}
Event: 98,105 GC heap before
{Heap before GC invocations=21 (full 4):
 PSYoungGen      total 353280K, used 339848K [0x00000000e0000000, 0x00000000fa000000, 0x0000000100000000)
  eden space 323072K, 100% used [0x00000000e0000000,0x00000000f3b80000,0x00000000f3b80000)
  from space 30208K, 55% used [0x00000000f6580000,0x00000000f75e2320,0x00000000f8300000)
  to   space 43008K, 0% used [0x00000000f3b80000,0x00000000f3b80000,0x00000000f6580000)
 ParOldGen       total 120832K, used 73793K [0x00000000a0000000, 0x00000000a7600000, 0x00000000e0000000)
  object space 120832K, 61% used [0x00000000a0000000,0x00000000a4810520,0x00000000a7600000)
 Metaspace       used 57554K, capacity 58902K, committed 59008K, reserved 1099776K
  class space    used 7462K, capacity 7773K, committed 7808K, reserved 1048576K

